#
# A fatal error has been detected by the Java Runtime Environment:
#
#  Internal Error (./src/hotspot/os_cpu/windows_x86/os_windows_x86.cpp:146), pid=5772, tid=13964
#  guarantee(result == EXCEPTION_CONTINUE_EXECUTION) failed: Unexpected result from topLevelExceptionFilter
#
# JRE version: OpenJDK Runtime Environment 18.9 (11.0.12+7) (build 11.0.12+7-LTS)
# Java VM: OpenJDK 64-Bit Server VM 18.9 (11.0.12+7-LTS, mixed mode, tiered, compressed oops, g1 gc, windows-amd64)
# No core dump will be written. Minidumps are not enabled by default on client versions of Windows
#
# If you would like to submit a bug report, please visit:
#   https://github.com/ojdkbuild/ojdkbuild/issues
# The crash happened outside the Java Virtual Machine in native code.
# See problematic frame for where to report the bug.
#

---------------  S U M M A R Y ------------

Command Line: -Dfile.encoding=UTF8 -ea -Xmx1024m 

Host: Intel(R) Core(TM) i7-9700 CPU @ 3.00GHz, 8 cores, 15G,  Windows 10 , 64 bit Build 19041 (10.0.19041.1202)
Time: Mon Oct 18 10:27:26 2021 대한민국 표준시 elapsed time: 0.597241 seconds (0d 0h 0m 0s)

---------------  T H R E A D  ---------------

Current thread (0x00000211bb036800):  JavaThread "Python Reference Queue" daemon [_thread_in_native, id=13964, stack(0x000000339f7c0000,0x000000339f9b0000)]

Stack: [0x000000339f7c0000,0x000000339f9b0000]
Native frames: (J=compiled Java code, j=interpreted, Vv=VM code, C=native code)
C  0x00007ff82fde1cea
C  0x00007ff82ff6ab4e
C  0x00007ff82ff6c21f
C  0x00007ff82ff6c897
C  0x00007ff82fa2bdbc
C  0x00007ff82fde190c
C  [ntdll.dll+0xa20cf]
C  [ntdll.dll+0x51454]
C  [ntdll.dll+0xa0bfe]
C  0x00007ff84784735d
C  0x00007ff847847392
C  0x00007ff847773884
C  0x00007ff847776393
C  0x00007ff8479148eb
C  [python38.dll+0x16bd9]  dict_dealloc+0x239  (dictobject.c:1990)
C  [python38.dll+0x924e8]  subtype_clear+0xa8  (typeobject.c:1143)
C  [python38.dll+0x90ce0]  delete_garbage+0x50  (gcmodule.c:949)
C  [python38.dll+0x9042d]  collect+0x165  (gcmodule.c:1128)
C  [python38.dll+0x8f18d]  collect_with_callback+0x45  (gcmodule.c:1241)
C  [python38.dll+0xf64c3]  PyGC_Collect+0x63  (gcmodule.c:1834)
C  0x00007ff839c9bec0  Java_jpype_ref_JPypeReferenceQueue_wake+0x40  (jp_reference_queue.cpp:60)
C  0x00000211c4bef6d7

Java frames: (J=compiled Java code, j=interpreted, Vv=VM code)
j  org.jpype.ref.JPypeReferenceQueue.wake(J)V+0
j  org.jpype.ref.JPypeReferenceQueue$Worker.run()V+49
j  java.lang.Thread.run()V+11 java.base@11.0.12
v  ~StubRoutines::call_stub

---------------  P R O C E S S  ---------------

Threads class SMR info:
_java_thread_list=0x00000211d9808fa0, length=13, elements={
0x00000211b49fd000, 0x00000211bacc1000, 0x00000211bacc2000, 0x00000211bacf8000,
0x00000211bacf8800, 0x00000211bacf9800, 0x00000211bacfc800, 0x00000211eda34000,
0x00000211bacff800, 0x00000211bae86000, 0x00000211bb036800, 0x00000211eda33800,
0x00000211d9748000
}

Java Threads: ( => current thread )
  0x00000211b49fd000 JavaThread "main" [_thread_in_vm, id=15484, stack(0x000000339cb30000,0x000000339cd20000)]
  0x00000211bacc1000 JavaThread "Reference Handler" daemon [_thread_blocked, id=16108, stack(0x000000339e460000,0x000000339e650000)]
  0x00000211bacc2000 JavaThread "Finalizer" daemon [_thread_blocked, id=5796, stack(0x000000339e650000,0x000000339e840000)]
  0x00000211bacf8000 JavaThread "Signal Dispatcher" daemon [_thread_blocked, id=9588, stack(0x000000339e840000,0x000000339ea30000)]
  0x00000211bacf8800 JavaThread "Attach Listener" daemon [_thread_blocked, id=6956, stack(0x000000339ea30000,0x000000339ec20000)]
  0x00000211bacf9800 JavaThread "Service Thread" daemon [_thread_blocked, id=9108, stack(0x000000339ec20000,0x000000339ee10000)]
  0x00000211bacfc800 JavaThread "C2 CompilerThread0" daemon [_thread_blocked, id=16308, stack(0x000000339ee10000,0x000000339f000000)]
  0x00000211eda34000 JavaThread "C1 CompilerThread0" daemon [_thread_blocked, id=7312, stack(0x000000339f000000,0x000000339f1f0000)]
  0x00000211bacff800 JavaThread "Sweeper thread" daemon [_thread_blocked, id=11176, stack(0x000000339f1f0000,0x000000339f3e0000)]
  0x00000211bae86000 JavaThread "Common-Cleaner" daemon [_thread_blocked, id=2648, stack(0x000000339f5d0000,0x000000339f7c0000)]
=>0x00000211bb036800 JavaThread "Python Reference Queue" daemon [_thread_in_native, id=13964, stack(0x000000339f7c0000,0x000000339f9b0000)]
  0x00000211eda33800 JavaThread "C2 CompilerThread1" daemon [_thread_blocked, id=14768, stack(0x000000339f9b0000,0x000000339fba0000)]
  0x00000211d9748000 JavaThread "C2 CompilerThread2" daemon [_thread_blocked, id=5828, stack(0x00000033a0550000,0x00000033a0740000)]

Other Threads:
  0x00000211bacbf000 VMThread "VM Thread" [stack: 0x000000339e270000,0x000000339e460000] [id=11496]
  0x00000211b05ed800 WatcherThread [stack: 0x000000339f3e0000,0x000000339f5d0000] [id=1452]
  0x00000211b4e6e800 GCTaskThread "GC Thread#0" [stack: 0x000000339d8c0000,0x000000339dab0000] [id=6884]
  0x00000211d9823800 GCTaskThread "GC Thread#1" [stack: 0x000000339fba0000,0x000000339fd90000] [id=1848]
  0x00000211d980a000 GCTaskThread "GC Thread#2" [stack: 0x000000339fd90000,0x000000339ff80000] [id=10764]
  0x00000211d980a800 GCTaskThread "GC Thread#3" [stack: 0x000000339ff80000,0x00000033a0170000] [id=14592]
  0x00000211d980b000 GCTaskThread "GC Thread#4" [stack: 0x00000033a0170000,0x00000033a0360000] [id=9704]
  0x00000211d980c000 GCTaskThread "GC Thread#5" [stack: 0x00000033a0360000,0x00000033a0550000] [id=16084]
  0x00000211b4e04800 ConcurrentGCThread "G1 Main Marker" [stack: 0x000000339dab0000,0x000000339dca0000] [id=10004]
  0x00000211b47ce800 ConcurrentGCThread "G1 Conc#0" [stack: 0x000000339dca0000,0x000000339de90000] [id=16124]
  0x00000211b4e03000 ConcurrentGCThread "G1 Refine#0" [stack: 0x000000339de90000,0x000000339e080000] [id=1684]
  0x00000211b4dd4800 ConcurrentGCThread "G1 Young RemSet Sampling" [stack: 0x000000339e080000,0x000000339e270000] [id=11132]

Threads with active compile tasks:

VM state:not at safepoint (normal execution)

VM Mutex/Monitor currently owned by a thread: None

Heap address: 0x00000000c0000000, size: 1024 MB, Compressed Oops mode: 32-bit
Narrow klass base: 0x0000000000000000, Narrow klass shift: 3
Compressed class space size: 1073741824 Address: 0x0000000100000000

Heap:
 garbage-first heap   total 20480K, used 8047K [0x00000000c0000000, 0x0000000100000000)
  region size 1024K, 5 young (5120K), 1 survivors (1024K)
 Metaspace       used 9157K, capacity 9371K, committed 9600K, reserved 1058816K
  class space    used 792K, capacity 881K, committed 896K, reserved 1048576K
Heap Regions: E=young(eden), S=young(survivor), O=old, HS=humongous(starts), HC=humongous(continues), CS=collection set, F=free, A=archive, TAMS=top-at-mark-start (previous, next)
|   0|0x00000000c0000000, 0x00000000c0044318, 0x00000000c0100000| 26%| O|  |TAMS 0x00000000c0000000, 0x00000000c0000000| Untracked 
|   1|0x00000000c0100000, 0x00000000c0200000, 0x00000000c0200000|100%| O|  |TAMS 0x00000000c0100000, 0x00000000c0100000| Untracked 
|   2|0x00000000c0200000, 0x00000000c0300000, 0x00000000c0300000|100%| O|  |TAMS 0x00000000c0200000, 0x00000000c0200000| Untracked 
|   3|0x00000000c0300000, 0x00000000c0400000, 0x00000000c0400000|100%| O|  |TAMS 0x00000000c0300000, 0x00000000c0300000| Untracked 
|   4|0x00000000c0400000, 0x00000000c044c600, 0x00000000c0500000| 29%| O|  |TAMS 0x00000000c0400000, 0x00000000c0400000| Untracked 
|   5|0x00000000c0500000, 0x00000000c0500000, 0x00000000c0600000|  0%| F|  |TAMS 0x00000000c0500000, 0x00000000c0500000| Untracked 
|   6|0x00000000c0600000, 0x00000000c0600000, 0x00000000c0700000|  0%| F|  |TAMS 0x00000000c0600000, 0x00000000c0600000| Untracked 
|   7|0x00000000c0700000, 0x00000000c0700000, 0x00000000c0800000|  0%| F|  |TAMS 0x00000000c0700000, 0x00000000c0700000| Untracked 
|   8|0x00000000c0800000, 0x00000000c0800000, 0x00000000c0900000|  0%| F|  |TAMS 0x00000000c0800000, 0x00000000c0800000| Untracked 
|   9|0x00000000c0900000, 0x00000000c09b2f98, 0x00000000c0a00000| 69%| S|CS|TAMS 0x00000000c0900000, 0x00000000c0900000| Complete 
|  10|0x00000000c0a00000, 0x00000000c0a00000, 0x00000000c0b00000|  0%| F|  |TAMS 0x00000000c0a00000, 0x00000000c0a00000| Untracked 
|  11|0x00000000c0b00000, 0x00000000c0bb3220, 0x00000000c0c00000| 69%| E|  |TAMS 0x00000000c0b00000, 0x00000000c0b00000| Complete 
|  12|0x00000000c0c00000, 0x00000000c0d00000, 0x00000000c0d00000|100%| E|  |TAMS 0x00000000c0c00000, 0x00000000c0c00000| Complete 
|  13|0x00000000c0d00000, 0x00000000c0e00000, 0x00000000c0e00000|100%| E|CS|TAMS 0x00000000c0d00000, 0x00000000c0d00000| Complete 
|  14|0x00000000c0e00000, 0x00000000c0f00000, 0x00000000c0f00000|100%| E|CS|TAMS 0x00000000c0e00000, 0x00000000c0e00000| Complete 
|  37|0x00000000c2500000, 0x00000000c252b240, 0x00000000c2600000| 16%| O|  |TAMS 0x00000000c2500000, 0x00000000c2500000| Untracked 
|  39|0x00000000c2700000, 0x00000000c27723f8, 0x00000000c2800000| 44%| O|  |TAMS 0x00000000c2700000, 0x00000000c2700000| Untracked 
|  43|0x00000000c2b00000, 0x00000000c2b6a338, 0x00000000c2c00000| 41%| O|  |TAMS 0x00000000c2b00000, 0x00000000c2b00000| Untracked 
|  47|0x00000000c2f00000, 0x00000000c2f59d70, 0x00000000c3000000| 35%| O|  |TAMS 0x00000000c2f00000, 0x00000000c2f00000| Untracked 
|  48|0x00000000c3000000, 0x00000000c3036c80, 0x00000000c3100000| 21%| O|  |TAMS 0x00000000c3000000, 0x00000000c3000000| Untracked 

Card table byte_map: [0x00000211d4220000,0x00000211d4420000] _byte_map_base: 0x00000211d3c20000

Marking Bits (Prev, Next): (CMBitMap*) 0x00000211b43be368, (CMBitMap*) 0x00000211b43be3a0
 Prev Bits: [0x00000211d4620000, 0x00000211d5620000)
 Next Bits: [0x00000211d5620000, 0x00000211d6620000)

Polling page: 0x00000211b8970000

Metaspace:

Usage:
  Non-class:      8.29 MB capacity,     8.17 MB ( 99%) used,   112.68 KB (  1%) free+waste,     7.88 KB ( <1%) overhead. 
      Class:    881.00 KB capacity,   792.65 KB ( 90%) used,    85.23 KB ( 10%) free+waste,     3.13 KB ( <1%) overhead. 
       Both:      9.15 MB capacity,     8.95 MB ( 98%) used,   197.91 KB (  2%) free+waste,    11.00 KB ( <1%) overhead. 

Virtual space:
  Non-class space:       10.00 MB reserved,       8.50 MB ( 85%) committed 
      Class space:        1.00 GB reserved,     896.00 KB ( <1%) committed 
             Both:        1.01 GB reserved,       9.38 MB ( <1%) committed 

Chunk freelists:
   Non-Class:  22.00 KB
       Class:  15.00 KB
        Both:  37.00 KB

MaxMetaspaceSize: 17179869184.00 GB
CompressedClassSpaceSize: 1.00 GB
Initial GC threshold: 20.80 MB
Current GC threshold: 20.80 MB
CDS: off

CodeHeap 'non-profiled nmethods': size=120000Kb used=398Kb max_used=398Kb free=119601Kb
 bounds [0x00000211cc6b0000, 0x00000211cc920000, 0x00000211d3be0000]
CodeHeap 'profiled nmethods': size=120000Kb used=1588Kb max_used=1588Kb free=118411Kb
 bounds [0x00000211c5180000, 0x00000211c53f0000, 0x00000211cc6b0000]
CodeHeap 'non-nmethods': size=5760Kb used=1121Kb max_used=1146Kb free=4638Kb
 bounds [0x00000211c4be0000, 0x00000211c4e50000, 0x00000211c5180000]
 total_blobs=1247 nmethods=882 adapters=278
 compilation: enabled
              stopped_count=0, restarted_count=0
 full_count=0

Compilation events (20 events):
Event: 0.529 Thread 0x00000211eda34000 nmethod 434 0x00000211cc6d6c10 code [0x00000211cc6d6dc0, 0x00000211cc6d6e78]
Event: 0.529 Thread 0x00000211eda34000  435       3       java.lang.reflect.Constructor::getParameterTypes (11 bytes)
Event: 0.530 Thread 0x00000211eda34000 nmethod 435 0x00000211c5228710 code [0x00000211c52288e0, 0x00000211c5228b88]
Event: 0.530 Thread 0x00000211eda34000  430       3       java.lang.reflect.Modifier::toString (185 bytes)
Event: 0.530 Thread 0x00000211eda34000 nmethod 430 0x00000211c5228c90 code [0x00000211c5228f40, 0x00000211c5229778]
Event: 0.530 Thread 0x00000211eda34000  436       3       java.util.TreeMap::colorOf (13 bytes)
Event: 0.530 Thread 0x00000211eda34000 nmethod 436 0x00000211c5229990 code [0x00000211c5229b40, 0x00000211c5229c78]
Event: 0.530 Thread 0x00000211eda33800 nmethod 420 0x00000211cc6d6f10 code [0x00000211cc6d70c0, 0x00000211cc6d72d8]
Event: 0.531 Thread 0x00000211eda34000  437   !   3       sun.reflect.annotation.AnnotationParser::parseAnnotations (37 bytes)
Event: 0.531 Thread 0x00000211eda34000 nmethod 437 0x00000211c5229d10 code [0x00000211c5229f00, 0x00000211c522a208]
Event: 0.531 Thread 0x00000211eda34000  439       3       org.jpype.manager.MethodResolution::sortMethods (218 bytes)
Event: 0.532 Thread 0x00000211eda34000 nmethod 439 0x00000211c522a390 code [0x00000211c522a820, 0x00000211c522cb18]
Event: 0.532 Thread 0x00000211eda34000  440       3       org.jpype.manager.TypeManager::createMethods (380 bytes)
Event: 0.532 Thread 0x00000211eda34000 nmethod 440 0x00000211c522d690 code [0x00000211c522da40, 0x00000211c522f538]
Event: 0.532 Thread 0x00000211eda34000  438       3       java.util.Collections::emptySet (4 bytes)
Event: 0.532 Thread 0x00000211eda34000 nmethod 438 0x00000211c522ff90 code [0x00000211c5230140, 0x00000211c5230238]
Event: 0.532 Thread 0x00000211eda34000  441       3       java.util.Collections$EmptyMap::values (4 bytes)
Event: 0.533 Thread 0x00000211eda34000 nmethod 441 0x00000211c5230290 code [0x00000211c5230440, 0x00000211c5230598]
Event: 0.533 Thread 0x00000211eda34000  442       3       java.util.Collections$EmptySet::toArray (11 bytes)
Event: 0.533 Thread 0x00000211eda34000 nmethod 442 0x00000211c5230690 code [0x00000211c5230860, 0x00000211c5230b38]

GC Heap History (2 events):
Event: 0.523 GC heap before
{Heap before GC invocations=0 (full 0):
 garbage-first heap   total 260096K, used 4096K [0x00000000c0000000, 0x0000000100000000)
  region size 1024K, 6 young (6144K), 0 survivors (0K)
 Metaspace       used 6681K, capacity 6841K, committed 7040K, reserved 1056768K
  class space    used 579K, capacity 636K, committed 640K, reserved 1048576K
}
Event: 0.528 GC heap after
{Heap after GC invocations=1 (full 1):
 garbage-first heap   total 20480K, used 1905K [0x00000000c0000000, 0x0000000100000000)
  region size 1024K, 0 young (0K), 0 survivors (0K)
 Metaspace       used 6681K, capacity 6841K, committed 7040K, reserved 1056768K
  class space    used 579K, capacity 636K, committed 640K, reserved 1048576K
}

Deoptimization events (20 events):
Event: 0.126 Thread 0x00000211b49fd000 Uncommon trap: trap_request=0xffffff4d fr.pc=0x00000211cc6b6938 relative=0x0000000000000278
Event: 0.126 Thread 0x00000211b49fd000 Uncommon trap: reason=unstable_if action=reinterpret pc=0x00000211cc6b6938 method=java.util.zip.ZipInputStream.read([BII)I @ 50 c2
Event: 0.126 Thread 0x00000211b49fd000 DEOPT PACKING pc=0x00000211cc6b6938 sp=0x000000339cd15390
Event: 0.126 Thread 0x00000211b49fd000 DEOPT UNPACKING pc=0x00000211c4c2a1af sp=0x000000339cd15360 mode 2
Event: 0.516 Thread 0x00000211b49fd000 Uncommon trap: trap_request=0xffffffbe fr.pc=0x00000211cc6d1ae0 relative=0x0000000000000580
Event: 0.516 Thread 0x00000211b49fd000 Uncommon trap: reason=profile_predicate action=maybe_recompile pc=0x00000211cc6d1ae0 method=java.lang.PublicMethods$MethodList.filter([Ljava/lang/reflect/Method;Ljava/lang/String;[Ljava/lang/Class;Z)Ljava/lang/PublicMethods$MethodList; @ 21 c2
Event: 0.516 Thread 0x00000211b49fd000 DEOPT PACKING pc=0x00000211cc6d1ae0 sp=0x000000339cd14370
Event: 0.516 Thread 0x00000211b49fd000 DEOPT UNPACKING pc=0x00000211c4c2a1af sp=0x000000339cd14308 mode 2
Event: 0.516 Thread 0x00000211b49fd000 Uncommon trap: trap_request=0xffffffbe fr.pc=0x00000211cc6d1ae0 relative=0x0000000000000580
Event: 0.516 Thread 0x00000211b49fd000 Uncommon trap: reason=profile_predicate action=maybe_recompile pc=0x00000211cc6d1ae0 method=java.lang.PublicMethods$MethodList.filter([Ljava/lang/reflect/Method;Ljava/lang/String;[Ljava/lang/Class;Z)Ljava/lang/PublicMethods$MethodList; @ 21 c2
Event: 0.516 Thread 0x00000211b49fd000 DEOPT PACKING pc=0x00000211cc6d1ae0 sp=0x000000339cd14370
Event: 0.516 Thread 0x00000211b49fd000 DEOPT UNPACKING pc=0x00000211c4c2a1af sp=0x000000339cd14308 mode 2
Event: 0.516 Thread 0x00000211b49fd000 Uncommon trap: trap_request=0xffffffbe fr.pc=0x00000211cc6d1ae0 relative=0x0000000000000580
Event: 0.516 Thread 0x00000211b49fd000 Uncommon trap: reason=profile_predicate action=maybe_recompile pc=0x00000211cc6d1ae0 method=java.lang.PublicMethods$MethodList.filter([Ljava/lang/reflect/Method;Ljava/lang/String;[Ljava/lang/Class;Z)Ljava/lang/PublicMethods$MethodList; @ 21 c2
Event: 0.516 Thread 0x00000211b49fd000 DEOPT PACKING pc=0x00000211cc6d1ae0 sp=0x000000339cd142c0
Event: 0.516 Thread 0x00000211b49fd000 DEOPT UNPACKING pc=0x00000211c4c2a1af sp=0x000000339cd14258 mode 2
Event: 0.516 Thread 0x00000211b49fd000 Uncommon trap: trap_request=0xffffffbe fr.pc=0x00000211cc6d1ae0 relative=0x0000000000000580
Event: 0.516 Thread 0x00000211b49fd000 Uncommon trap: reason=profile_predicate action=maybe_recompile pc=0x00000211cc6d1ae0 method=java.lang.PublicMethods$MethodList.filter([Ljava/lang/reflect/Method;Ljava/lang/String;[Ljava/lang/Class;Z)Ljava/lang/PublicMethods$MethodList; @ 21 c2
Event: 0.516 Thread 0x00000211b49fd000 DEOPT PACKING pc=0x00000211cc6d1ae0 sp=0x000000339cd14370
Event: 0.516 Thread 0x00000211b49fd000 DEOPT UNPACKING pc=0x00000211c4c2a1af sp=0x000000339cd14308 mode 2

Classes redefined (0 events):
No events

Internal exceptions (2 events):
Event: 0.068 Thread 0x00000211b49fd000 Exception <a 'java/io/IOException'{0x00000000cfc134d8}: Bad pathname> (0x00000000cfc134d8) thrown at [./src/hotspot/share/prims/jni.cpp, line 636]
Event: 0.070 Thread 0x00000211b49fd000 Exception <a 'java/io/IOException'{0x00000000cfc19dc8}: Bad pathname> (0x00000000cfc19dc8) thrown at [./src/hotspot/share/prims/jni.cpp, line 636]

Events (20 events):
Event: 0.509 loading class java/lang/Byte$ByteCache
Event: 0.509 loading class java/lang/Byte$ByteCache done
Event: 0.513 loading class java/lang/Character$CharacterCache
Event: 0.513 loading class java/lang/Character$CharacterCache done
Event: 0.513 loading class java/lang/Character$UnicodeScript
Event: 0.513 loading class java/lang/Character$UnicodeScript done
Event: 0.513 loading class java/lang/Character$UnicodeBlock
Event: 0.514 loading class java/lang/Character$Subset
Event: 0.514 loading class java/lang/Character$Subset done
Event: 0.514 loading class java/lang/Character$UnicodeBlock done
Event: 0.516 loading class java/io/ObjectStreamException
Event: 0.516 loading class java/io/ObjectStreamException done
Event: 0.520 loading class java/lang/Short$ShortCache
Event: 0.521 loading class java/lang/Short$ShortCache done
Event: 0.522 Executing VM operation: G1CollectFull
Event: 0.528 Executing VM operation: G1CollectFull done
Event: 0.529 loading class java/math/BigInteger
Event: 0.530 loading class java/math/BigInteger done
Event: 0.532 loading class java/lang/Long$LongCache
Event: 0.532 loading class java/lang/Long$LongCache done


Dynamic libraries:
0x00007ff7b8510000 - 0x00007ff7b852c000 	C:\Users\bitcamp\.conda\envs\venv\python.exe
0x00007ff8a83d0000 - 0x00007ff8a85c5000 	C:\WINDOWS\SYSTEM32\ntdll.dll
0x00007ff8a82d0000 - 0x00007ff8a838e000 	C:\WINDOWS\System32\KERNEL32.DLL
0x00007ff8a5e70000 - 0x00007ff8a6139000 	C:\WINDOWS\System32\KERNELBASE.dll
0x00007ff8a5d20000 - 0x00007ff8a5e20000 	C:\WINDOWS\System32\ucrtbase.dll
0x00007ff8a32c0000 - 0x00007ff8a32d9000 	C:\Users\bitcamp\.conda\envs\venv\VCRUNTIME140.dll
0x00007ff859020000 - 0x00007ff859452000 	C:\Users\bitcamp\.conda\envs\venv\python38.dll
0x00007ff8a7ac0000 - 0x00007ff8a7b15000 	C:\WINDOWS\System32\SHLWAPI.dll
0x00007ff8a7830000 - 0x00007ff8a78ce000 	C:\WINDOWS\System32\msvcrt.dll
0x00007ff89e780000 - 0x00007ff89e78a000 	C:\WINDOWS\SYSTEM32\VERSION.dll
0x00007ff8a6f50000 - 0x00007ff8a6fbb000 	C:\WINDOWS\System32\WS2_32.dll
0x00007ff8a6b30000 - 0x00007ff8a6c5a000 	C:\WINDOWS\System32\RPCRT4.dll
0x00007ff8a78d0000 - 0x00007ff8a797c000 	C:\WINDOWS\System32\ADVAPI32.dll
0x00007ff8a8150000 - 0x00007ff8a81eb000 	C:\WINDOWS\System32\sechost.dll
0x00007ff8a5400000 - 0x00007ff8a5418000 	C:\WINDOWS\SYSTEM32\CRYPTSP.dll
0x00007ff8a4b10000 - 0x00007ff8a4b44000 	C:\WINDOWS\system32\rsaenh.dll
0x00007ff8a62e0000 - 0x00007ff8a6307000 	C:\WINDOWS\System32\bcrypt.dll
0x00007ff8a5420000 - 0x00007ff8a542c000 	C:\WINDOWS\SYSTEM32\CRYPTBASE.dll
0x00007ff8a6140000 - 0x00007ff8a61c3000 	C:\WINDOWS\System32\bcryptPrimitives.dll
0x00007ff8a3300000 - 0x00007ff8a330f000 	C:\Users\bitcamp\.conda\envs\venv\python3.DLL
0x00007ff8a1050000 - 0x00007ff8a1067000 	C:\Users\bitcamp\.conda\envs\venv\DLLs\_bz2.pyd
0x00007ff890a30000 - 0x00007ff890a5a000 	C:\Users\bitcamp\.conda\envs\venv\DLLs\_lzma.pyd
0x00007ff890a10000 - 0x00007ff890a26000 	C:\Users\bitcamp\.conda\envs\venv\DLLs\_socket.pyd
0x00007ff8a4ee0000 - 0x00007ff8a4f1b000 	C:\WINDOWS\SYSTEM32\IPHLPAPI.DLL
0x00007ff8a32b0000 - 0x00007ff8a32b9000 	C:\Users\bitcamp\.conda\envs\venv\DLLs\select.pyd
0x00007ff88b710000 - 0x00007ff88b737000 	C:\Users\bitcamp\.conda\envs\venv\DLLs\_ssl.pyd
0x00007ff8a5af0000 - 0x00007ff8a5c46000 	C:\WINDOWS\System32\CRYPT32.dll
0x00007ff857b40000 - 0x00007ff857e8c000 	C:\Users\bitcamp\.conda\envs\venv\Library\bin\libcrypto-1_1-x64.dll
0x00007ff8a6d40000 - 0x00007ff8a6ee1000 	C:\WINDOWS\System32\USER32.dll
0x00007ff881080000 - 0x00007ff88112c000 	C:\Users\bitcamp\.conda\envs\venv\Library\bin\libssl-1_1-x64.dll
0x00007ff8a5c50000 - 0x00007ff8a5c72000 	C:\WINDOWS\System32\win32u.dll
0x00007ff8a81f0000 - 0x00007ff8a821b000 	C:\WINDOWS\System32\GDI32.dll
0x00007ff8a6310000 - 0x00007ff8a641b000 	C:\WINDOWS\System32\gdi32full.dll
0x00007ff8a5c80000 - 0x00007ff8a5d1d000 	C:\WINDOWS\System32\msvcp_win.dll
0x00007ff8a6c60000 - 0x00007ff8a6c90000 	C:\WINDOWS\System32\IMM32.DLL
0x00007ff88b690000 - 0x00007ff88b6a2000 	C:\Users\bitcamp\.conda\envs\venv\DLLs\_asyncio.pyd
0x00007ff8a1010000 - 0x00007ff8a101d000 	C:\Users\bitcamp\.conda\envs\venv\DLLs\_overlapped.pyd
0x00007ff8a5250000 - 0x00007ff8a52ba000 	C:\WINDOWS\system32\mswsock.dll
0x00007ff8a0f90000 - 0x00007ff8a0f99000 	C:\Users\bitcamp\.conda\envs\venv\DLLs\_queue.pyd
0x00007ff893690000 - 0x00007ff89369d000 	C:\Users\bitcamp\.conda\envs\venv\DLLs\_hashlib.pyd
0x00007ff88b670000 - 0x00007ff88b690000 	C:\Users\bitcamp\.conda\envs\venv\DLLs\_ctypes.pyd
0x00007ff8a7700000 - 0x00007ff8a782a000 	C:\WINDOWS\System32\ole32.dll
0x00007ff8a7cf0000 - 0x00007ff8a8045000 	C:\WINDOWS\System32\combase.dll
0x00007ff8908d0000 - 0x00007ff8908db000 	C:\Users\bitcamp\.conda\envs\venv\DLLs\libffi-7.dll
0x00007ff8a7980000 - 0x00007ff8a7a4d000 	C:\WINDOWS\System32\OLEAUT32.dll
0x00007ff881150000 - 0x00007ff881193000 	C:\Users\bitcamp\.conda\envs\venv\DLLs\_decimal.pyd
0x00007ff880b00000 - 0x00007ff880c0e000 	C:\Users\bitcamp\.conda\envs\venv\DLLs\unicodedata.pyd
0x00007ff881050000 - 0x00007ff88107d000 	C:\Users\bitcamp\.conda\envs\venv\DLLs\_elementtree.pyd
0x00007ff880f70000 - 0x00007ff880fa1000 	C:\Users\bitcamp\.conda\envs\venv\DLLs\pyexpat.pyd
0x0000000066d80000 - 0x0000000068b11000 	C:\Users\bitcamp\AppData\Roaming\Python\Python38\site-packages\numpy\.libs\libopenblas.WCDJNK7YVMPZQ2ME2ZZHJJRJ3JIKNDB7.gfortran-win_amd64.dll
0x00007ff857870000 - 0x00007ff857b39000 	C:\Users\bitcamp\AppData\Roaming\Python\Python38\site-packages\numpy\core\_multiarray_umath.cp38-win_amd64.pyd
0x00007ff885f50000 - 0x00007ff885f6f000 	C:\Users\bitcamp\AppData\Roaming\Python\Python38\site-packages\numpy\core\_multiarray_tests.cp38-win_amd64.pyd
0x00007ff88d920000 - 0x00007ff88d929000 	C:\Users\bitcamp\AppData\Roaming\Python\Python38\site-packages\numpy\linalg\lapack_lite.cp38-win_amd64.pyd
0x00007ff880f40000 - 0x00007ff880f6a000 	C:\Users\bitcamp\AppData\Roaming\Python\Python38\site-packages\numpy\linalg\_umath_linalg.cp38-win_amd64.pyd
0x00007ff880f20000 - 0x00007ff880f40000 	C:\Users\bitcamp\AppData\Roaming\Python\Python38\site-packages\numpy\fft\_pocketfft_internal.cp38-win_amd64.pyd
0x00007ff880ca0000 - 0x00007ff880d30000 	C:\Users\bitcamp\AppData\Roaming\Python\Python38\site-packages\numpy\random\mtrand.cp38-win_amd64.pyd
0x00007ff880e90000 - 0x00007ff880eb9000 	C:\Users\bitcamp\AppData\Roaming\Python\Python38\site-packages\numpy\random\bit_generator.cp38-win_amd64.pyd
0x00007ff87efb0000 - 0x00007ff87efe2000 	C:\Users\bitcamp\AppData\Roaming\Python\Python38\site-packages\numpy\random\_common.cp38-win_amd64.pyd
0x00007ff87e100000 - 0x00007ff87e140000 	C:\Users\bitcamp\AppData\Roaming\Python\Python38\site-packages\numpy\random\_bounded_integers.cp38-win_amd64.pyd
0x00007ff880f00000 - 0x00007ff880f18000 	C:\Users\bitcamp\AppData\Roaming\Python\Python38\site-packages\numpy\random\_mt19937.cp38-win_amd64.pyd
0x00007ff880e70000 - 0x00007ff880e87000 	C:\Users\bitcamp\AppData\Roaming\Python\Python38\site-packages\numpy\random\_philox.cp38-win_amd64.pyd
0x00007ff880c80000 - 0x00007ff880c95000 	C:\Users\bitcamp\AppData\Roaming\Python\Python38\site-packages\numpy\random\_pcg64.cp38-win_amd64.pyd
0x00007ff87e730000 - 0x00007ff87e742000 	C:\Users\bitcamp\AppData\Roaming\Python\Python38\site-packages\numpy\random\_sfc64.cp38-win_amd64.pyd
0x00007ff85a010000 - 0x00007ff85a0b5000 	C:\Users\bitcamp\AppData\Roaming\Python\Python38\site-packages\numpy\random\_generator.cp38-win_amd64.pyd
0x00007ff87dfe0000 - 0x00007ff87dff4000 	C:\Users\bitcamp\.conda\envs\venv\lib\site-packages\scipy\_lib\_ccallback_c.cp38-win_amd64.pyd
0x00007ff859f80000 - 0x00007ff85a00b000 	C:\Users\bitcamp\.conda\envs\venv\lib\site-packages\scipy\spatial\ckdtree.cp38-win_amd64.pyd
0x00007ff890230000 - 0x00007ff8902bd000 	C:\WINDOWS\SYSTEM32\MSVCP140.dll
0x00007ff8901f0000 - 0x00007ff8901fc000 	C:\WINDOWS\SYSTEM32\VCRUNTIME140_1.dll
0x00007ff859c00000 - 0x00007ff859e19000 	C:\Users\bitcamp\.conda\envs\venv\lib\site-packages\scipy\sparse\_sparsetools.cp38-win_amd64.pyd
0x00007ff878250000 - 0x00007ff8782cf000 	C:\Users\bitcamp\.conda\envs\venv\lib\site-packages\scipy\sparse\_csparsetools.cp38-win_amd64.pyd
0x00007ff86f280000 - 0x00007ff86f2d4000 	C:\Users\bitcamp\.conda\envs\venv\lib\site-packages\scipy\sparse\csgraph\_shortest_path.cp38-win_amd64.pyd
0x00007ff87c7f0000 - 0x00007ff87c813000 	C:\Users\bitcamp\.conda\envs\venv\lib\site-packages\scipy\sparse\csgraph\_tools.cp38-win_amd64.pyd
0x00007ff8788e0000 - 0x00007ff878901000 	C:\Users\bitcamp\.conda\envs\venv\lib\site-packages\scipy\sparse\csgraph\_traversal.cp38-win_amd64.pyd
0x00007ff877e70000 - 0x00007ff877e9b000 	C:\Users\bitcamp\.conda\envs\venv\lib\site-packages\scipy\sparse\csgraph\_min_spanning_tree.cp38-win_amd64.pyd
0x00007ff872140000 - 0x00007ff872176000 	C:\Users\bitcamp\.conda\envs\venv\lib\site-packages\scipy\sparse\csgraph\_flow.cp38-win_amd64.pyd
0x00007ff86ac20000 - 0x00007ff86ac5d000 	C:\Users\bitcamp\.conda\envs\venv\lib\site-packages\scipy\sparse\csgraph\_matching.cp38-win_amd64.pyd
0x00007ff85e700000 - 0x00007ff85e738000 	C:\Users\bitcamp\.conda\envs\venv\lib\site-packages\scipy\sparse\csgraph\_reordering.cp38-win_amd64.pyd
0x00007ff859eb0000 - 0x00007ff859f80000 	C:\Users\bitcamp\.conda\envs\venv\lib\site-packages\scipy\spatial\qhull.cp38-win_amd64.pyd
0x00007ff847930000 - 0x00007ff848a1b000 	C:\Users\bitcamp\.conda\envs\venv\Library\bin\mkl_rt.1.dll
0x00007ff88b700000 - 0x00007ff88b70f000 	C:\Users\bitcamp\.conda\envs\venv\lib\site-packages\scipy\_lib\messagestream.cp38-win_amd64.pyd
0x00007ff85e6a0000 - 0x00007ff85e6c9000 	C:\Users\bitcamp\.conda\envs\venv\lib\site-packages\scipy\spatial\_voronoi.cp38-win_amd64.pyd
0x00007ff8577d0000 - 0x00007ff857862000 	C:\Users\bitcamp\.conda\envs\venv\lib\site-packages\scipy\linalg\_fblas.cp38-win_amd64.pyd
0x00007ff857600000 - 0x00007ff8577ca000 	C:\Users\bitcamp\.conda\envs\venv\lib\site-packages\scipy\linalg\_flapack.cp38-win_amd64.pyd
0x00007ff87b3a0000 - 0x00007ff87b3b2000 	C:\Users\bitcamp\.conda\envs\venv\lib\site-packages\scipy\linalg\_flinalg.cp38-win_amd64.pyd
0x00007ff85a860000 - 0x00007ff85a894000 	C:\Users\bitcamp\.conda\envs\venv\lib\site-packages\scipy\linalg\_solve_toeplitz.cp38-win_amd64.pyd
0x00007ff85e670000 - 0x00007ff85e69f000 	C:\Users\bitcamp\.conda\envs\venv\lib\site-packages\scipy\linalg\_matfuncs_sqrtm_triu.cp38-win_amd64.pyd
0x00007ff85a630000 - 0x00007ff85a66f000 	C:\Users\bitcamp\.conda\envs\venv\lib\site-packages\scipy\linalg\_decomp_update.cp38-win_amd64.pyd
0x00007ff85a430000 - 0x00007ff85a46e000 	C:\Users\bitcamp\.conda\envs\venv\lib\site-packages\scipy\linalg\cython_blas.cp38-win_amd64.pyd
0x00007ff857550000 - 0x00007ff8575f4000 	C:\Users\bitcamp\.conda\envs\venv\lib\site-packages\scipy\linalg\cython_lapack.cp38-win_amd64.pyd
0x00007ff85a830000 - 0x00007ff85a853000 	C:\Users\bitcamp\.conda\envs\venv\lib\site-packages\scipy\spatial\_distance_wrap.cp38-win_amd64.pyd
0x00007ff859bd0000 - 0x00007ff859bfa000 	C:\Users\bitcamp\.conda\envs\venv\lib\site-packages\scipy\spatial\_hausdorff.cp38-win_amd64.pyd
0x00007ff857400000 - 0x00007ff85754e000 	C:\Users\bitcamp\.conda\envs\venv\lib\site-packages\scipy\special\_ufuncs.cp38-win_amd64.pyd
0x00007ff857230000 - 0x00007ff8573f1000 	C:\Users\bitcamp\.conda\envs\venv\Library\bin\libifcoremd.dll
0x00007ff8567c0000 - 0x00007ff856bd8000 	C:\Users\bitcamp\.conda\envs\venv\Library\bin\libmmd.dll
0x00007ff8a8130000 - 0x00007ff8a814d000 	C:\WINDOWS\System32\imagehlp.dll
0x00007ff859b00000 - 0x00007ff859b21000 	C:\Users\bitcamp\.conda\envs\venv\lib\site-packages\scipy\special\_ufuncs_cxx.cp38-win_amd64.pyd
0x00007ff8571b0000 - 0x00007ff857227000 	C:\Users\bitcamp\.conda\envs\venv\lib\site-packages\scipy\special\specfun.cp38-win_amd64.pyd
0x00007ff885e00000 - 0x00007ff885e0d000 	C:\Users\bitcamp\.conda\envs\venv\lib\site-packages\scipy\special\_comb.cp38-win_amd64.pyd
0x00007ff8673c0000 - 0x00007ff8673d5000 	C:\Users\bitcamp\.conda\envs\venv\lib\site-packages\scipy\special\_ellip_harm_2.cp38-win_amd64.pyd
0x00007ff856e90000 - 0x00007ff856f0a000 	C:\Users\bitcamp\.conda\envs\venv\lib\site-packages\scipy\spatial\transform\rotation.cp38-win_amd64.pyd
0x00007ff858c40000 - 0x00007ff858c63000 	C:\Users\bitcamp\.conda\envs\venv\lib\site-packages\scipy\ndimage\_nd_image.cp38-win_amd64.pyd
0x00007ff857160000 - 0x00007ff8571a7000 	C:\Users\bitcamp\.conda\envs\venv\lib\site-packages\scipy\ndimage\_ni_label.cp38-win_amd64.pyd
0x00007ff885de0000 - 0x00007ff885def000 	C:\Users\bitcamp\.conda\envs\venv\lib\site-packages\scipy\optimize\minpack2.cp38-win_amd64.pyd
0x00007ff856e50000 - 0x00007ff856e84000 	C:\Users\bitcamp\.conda\envs\venv\lib\site-packages\scipy\sparse\linalg\isolve\_iterative.cp38-win_amd64.pyd
0x00007ff856770000 - 0x00007ff8567ba000 	C:\Users\bitcamp\.conda\envs\venv\lib\site-packages\scipy\sparse\linalg\dsolve\_superlu.cp38-win_amd64.pyd
0x00007ff856700000 - 0x00007ff856768000 	C:\Users\bitcamp\.conda\envs\venv\lib\site-packages\scipy\sparse\linalg\eigen\arpack\_arpack.cp38-win_amd64.pyd
0x00007ff8566d0000 - 0x00007ff8566fb000 	C:\Users\bitcamp\.conda\envs\venv\lib\site-packages\scipy\optimize\_group_columns.cp38-win_amd64.pyd
0x00007ff856680000 - 0x00007ff8566c3000 	C:\Users\bitcamp\.conda\envs\venv\lib\site-packages\scipy\optimize\_trlib\_trlib.cp38-win_amd64.pyd
0x00007ff863820000 - 0x00007ff863838000 	C:\Users\bitcamp\.conda\envs\venv\lib\site-packages\scipy\optimize\_lbfgsb.cp38-win_amd64.pyd
0x00007ff85ed50000 - 0x00007ff85ed61000 	C:\Users\bitcamp\.conda\envs\venv\lib\site-packages\scipy\optimize\moduleTNC.cp38-win_amd64.pyd
0x00007ff85e960000 - 0x00007ff85e973000 	C:\Users\bitcamp\.conda\envs\venv\lib\site-packages\scipy\optimize\_cobyla.cp38-win_amd64.pyd
0x00007ff85e5d0000 - 0x00007ff85e5e4000 	C:\Users\bitcamp\.conda\envs\venv\lib\site-packages\scipy\optimize\_slsqp.cp38-win_amd64.pyd
0x00007ff859e90000 - 0x00007ff859ea2000 	C:\Users\bitcamp\.conda\envs\venv\lib\site-packages\scipy\optimize\_minpack.cp38-win_amd64.pyd
0x00007ff856650000 - 0x00007ff856678000 	C:\Users\bitcamp\.conda\envs\venv\lib\site-packages\scipy\optimize\_lsq\givens_elimination.cp38-win_amd64.pyd
0x00007ff8848a0000 - 0x00007ff8848a8000 	C:\Users\bitcamp\.conda\envs\venv\lib\site-packages\scipy\optimize\_zeros.cp38-win_amd64.pyd
0x00007ff87fd80000 - 0x00007ff87fd8d000 	C:\Users\bitcamp\.conda\envs\venv\lib\site-packages\scipy\optimize\__nnls.cp38-win_amd64.pyd
0x00007ff8564d0000 - 0x00007ff85664c000 	C:\Users\bitcamp\.conda\envs\venv\lib\site-packages\scipy\optimize\_highs\_highs_wrapper.cp38-win_amd64.pyd
0x00007ff87fb60000 - 0x00007ff87fb6c000 	C:\Users\bitcamp\.conda\envs\venv\lib\site-packages\scipy\optimize\_highs\_highs_constants.cp38-win_amd64.pyd
0x00007ff856470000 - 0x00007ff8564c5000 	C:\Users\bitcamp\.conda\envs\venv\lib\site-packages\scipy\linalg\_interpolative.cp38-win_amd64.pyd
0x00007ff856430000 - 0x00007ff85646d000 	C:\Users\bitcamp\.conda\envs\venv\lib\site-packages\scipy\optimize\_bglu_dense.cp38-win_amd64.pyd
0x00007ff87fa30000 - 0x00007ff87fa3b000 	C:\Users\bitcamp\.conda\envs\venv\lib\site-packages\scipy\optimize\_lsap_module.cp38-win_amd64.pyd
0x00007ff857140000 - 0x00007ff857154000 	C:\Users\bitcamp\.conda\envs\venv\lib\site-packages\scipy\integrate\_odepack.cp38-win_amd64.pyd
0x00007ff856410000 - 0x00007ff856428000 	C:\Users\bitcamp\.conda\envs\venv\lib\site-packages\scipy\integrate\_quadpack.cp38-win_amd64.pyd
0x00007ff8563e0000 - 0x00007ff856401000 	C:\Users\bitcamp\.conda\envs\venv\lib\site-packages\scipy\integrate\vode.cp38-win_amd64.pyd
0x00007ff8563c0000 - 0x00007ff8563d7000 	C:\Users\bitcamp\.conda\envs\venv\lib\site-packages\scipy\integrate\_dop.cp38-win_amd64.pyd
0x00007ff8563a0000 - 0x00007ff8563b8000 	C:\Users\bitcamp\.conda\envs\venv\lib\site-packages\scipy\integrate\lsoda.cp38-win_amd64.pyd
0x00007ff856380000 - 0x00007ff85639d000 	C:\Users\bitcamp\.conda\envs\venv\lib\site-packages\scipy\interpolate\_fitpack.cp38-win_amd64.pyd
0x00007ff856330000 - 0x00007ff856371000 	C:\Users\bitcamp\.conda\envs\venv\lib\site-packages\scipy\interpolate\dfitpack.cp38-win_amd64.pyd

dbghelp: loaded successfully - version: 4.0.5 - missing functions: none
symbol engine: initialized successfully - sym options: 0x614 - pdb path: .;C:\Users\bitcamp\.conda\envs\venv;C:\WINDOWS\SYSTEM32;C:\Users\bitcamp\.conda\envs\venv\DLLs;C:\Users\bitcamp\.conda\envs\venv\Library\bin;C:\Users\bitcamp\AppData\Roaming\Python\Python38\site-packages\numpy\.libs;C:\Users\bitcamp\AppData\Roaming\Python\Python38\site-packages\numpy\core;C:\Users\bitcamp\AppData\Roaming\Python\Python38\site-packages\numpy\linalg;C:\Users\bitcamp\AppData\Roaming\Python\Python38\site-packages\numpy\fft;C:\Users\bitcamp\AppData\Roaming\Python\Python38\site-packages\numpy\random;C:\Users\bitcamp\.conda\envs\venv\lib\site-packages\scipy\_lib;C:\Users\bitcamp\.conda\envs\venv\lib\site-packages\scipy\spatial;C:\Users\bitcamp\.conda\envs\venv\lib\site-packages\scipy\sparse;C:\Users\bitcamp\.conda\envs\venv\lib\site-packages\scipy\sparse\csgraph;C:\Users\bitcamp\.conda\envs\venv\lib\site-packages\scipy\linalg;C:\Users\bitcamp\.conda\envs\venv\lib\site-packages\scipy\special;C:\Users\bitcamp\.conda\envs\venv\lib\site-packages\scipy\spatial\transform;C:\Users\bitcamp\.conda\envs\venv\lib\site-packages\scipy\ndimage;C:\Users\bitcamp\.conda\envs\venv\lib\site-packages\scipy\optimize;C:\Users\bitcamp\.conda\envs\venv\lib\site-packages\scipy\sparse\linalg\isolve;C:\Users\bitcamp\.conda\envs\venv\lib\site-packages\scipy\sparse\linalg\dsolve;C:\Users\bitcamp\.conda\envs\venv\lib\site-packages\scipy\sparse\linalg\eigen\arpack;C:\Users\bitcamp\.conda\envs\venv\lib\site-packages\scipy\optimize\_trlib;C:\Users\bitcamp\.conda\envs\venv\lib\site-packages\scipy\optimize\_lsq;C:\Users\bitcamp\.conda\envs\venv\lib\site-packages\scipy\optimize\_highs;C:\Users\bitcamp\.conda\envs\venv\lib\site-packages\scipy\integrate;C:\Users\bitcamp\.conda\envs\venv\lib\site-packages\scipy\interpolate;C:\Users\bitcamp\.conda\envs\venv\lib\site-packages\scipy\stats;C:\WINDOWS\WinSxS\amd64_microsoft.windows.common-controls_6595b64144ccf1df_6.0.19041.1110_none_60b5254171f9507e;C:\Users\bitcamp\.conda\envs\venv\lib\site-packages\regex;C:\Users\bitcamp\AppData\Roaming\Python\Python38\site-packages\sklearn\.libs;C:\Users\bitcamp\AppData\Roaming\Python\Python38\site-packages\sklearn\__check_build;C:\Users\bitcamp\AppData\Roaming\Python\Python38\site-packages\sklearn\utils;C:\Users\bitcamp\.conda\envs\venv\lib\site-packages\psutil;C:\Users\bitcamp\.conda\envs\venv\lib\site-packages\win32;c:\Program Files\HP\HP ProtectTools Security Manager\Bin;C:\Users\bitcamp\AppData\Roaming\Python\Python38\site-packages\sklearn\feature_extraction;C:\Users\bitcamp\AppData\Roaming\Python\Python38\site-packages\sklearn\preprocessing;C:\Users\bitcamp\AppData\Roaming\Python\Python38\site-packages\sklearn\datasets;C:\Users\bitcamp\.conda\envs\venv\lib\site-packages\scipy\io\matlab;C:\Users\bitcamp\AppData\Roaming\Python\Python38\site-packages\sklearn\svm;C:\Users\bitcamp\AppData\Roaming\Python\Python38\site-packages\sklearn\metrics\cluster;C:\Users\bitcamp\AppData\Roaming\Python\Python38\site-packages\sklearn\metrics;C:\Users\bitcamp\AppData\Roaming\Python\Python38\site-packages\sklearn\linear_model;C:\Users\bitcamp\.conda\envs\venv\lib\site-packages\pandas\_libs;C:\Users\bitcamp\.conda\envs\venv\lib\site-packages\pandas\_libs\tslibs;C:\Users\bitcamp\.conda\envs\venv\lib\site-packages\bottleneck;C:\Users\bitcamp\.conda\envs\venv\lib\site-packages\pandas\_libs\window;C:\Users\bitcamp\.conda\envs\venv\lib\site-packages\brotli;C:\Users\bitcamp\.conda\envs\venv\lib\site-packages;C:\Users\bitcamp\.conda\envs\venv\lib\site-packages\markupsafe;C:\Users\bitcamp\.conda\envs\venv\lib\site-packages\lxml;C:\Users\bitcamp\.conda\envs\venv\lib\site-packages\matplotlib;C:\Users\bitcamp\.conda\envs\venv\lib\site-packages\PIL;C:\Users\bitcamp\.conda\envs\venv\lib\site-packages\matplotlib\backends;C:\Users\bitcamp\.conda\envs\venv\lib\site-packages\PyQt5;C:\Users\bitcamp\.conda\envs\venv\lib\site-packages\MySQLdb;C:\Users\bitcamp\.conda\envs\venv\lib\site-packages\psycopg2;C:\Users\bitcamp\.conda\envs\venv\lib\site-packages\yaml;C:\Users\bitcamp\.conda\envs\venv\tcl\reg1.3;C:\Windows\System32\IME\IMEKR;C:\Windows\System32\IME\shared;C:\Program Files\Java\java-11-openjdk-11.0.12-1\bin\server;C:\Program Files\Java\java-11-openjdk-11.0.12-1\bin

VM Arguments:
jvm_args: -Dfile.encoding=UTF8 -ea -Xmx1024m 
java_command: <unknown>
java_class_path (initial): C:\Users\bitcamp\AppData\Roaming\Python\Python38\site-packages\konlpy\java;C:\Users\bitcamp\AppData\Roaming\Python\Python38\site-packages\konlpy\java\bin;C:\Users\bitcamp\AppData\Roaming\Python\Python38\site-packages\konlpy\java\*;C:\Users\bitcamp\AppData\Roaming\Python\Python38\site-packages\konlpy\java\jhannanum-0.8.4.jar;C:\Users\bitcamp\AppData\Roaming\Python\Python38\site-packages\konlpy\java\kkma-2.0.jar;C:\Users\bitcamp\AppData\Roaming\Python\Python38\site-packages\konlpy\java\aho-corasick.jar;C:\Users\bitcamp\AppData\Roaming\Python\Python38\site-packages\konlpy\java\shineware-common-1.0.jar;C:\Users\bitcamp\AppData\Roaming\Python\Python38\site-packages\konlpy\java\shineware-ds-1.0.jar;C:\Users\bitcamp\AppData\Roaming\Python\Python38\site-packages\konlpy\java\komoran-3.0.jar;C:\Users\bitcamp\AppData\Roaming\Python\Python38\site-packages\konlpy\java\snakeyaml-1.12.jar;C:\Users\bitcamp\AppData\Roaming\Python\Python38\site-packages\konlpy\java\scala-library-2.12.3.jar;C:\Users\bitcamp\AppData\Roaming\Python\Python38\site-packages\konlpy\java\open-korean-text-2.1.0.jar;C:\Users\bitcamp\AppData\Roaming\Python\Python38\site-packages\konlpy\java\twitter-text-1.14.7.jar;C:\Users\bitcamp\AppData\Roaming\Python\Python38\site-packages\konlpy\java\*
Launcher Type: generic

[Global flags]
     intx CICompilerCount                          = 4                                         {product} {ergonomic}
     uint ConcGCThreads                            = 2                                         {product} {ergonomic}
     uint G1ConcRefinementThreads                  = 8                                         {product} {ergonomic}
   size_t G1HeapRegionSize                         = 1048576                                   {product} {ergonomic}
    uintx GCDrainStackTargetSize                   = 64                                        {product} {ergonomic}
   size_t InitialHeapSize                          = 266338304                                 {product} {ergonomic}
   size_t MarkStackSize                            = 4194304                                   {product} {ergonomic}
   size_t MaxHeapSize                              = 1073741824                                {product} {command line}
   size_t MaxNewSize                               = 643825664                                 {product} {ergonomic}
   size_t MinHeapDeltaBytes                        = 1048576                                   {product} {ergonomic}
    uintx NonNMethodCodeHeapSize                   = 5836300                                {pd product} {ergonomic}
    uintx NonProfiledCodeHeapSize                  = 122910970                              {pd product} {ergonomic}
    uintx ProfiledCodeHeapSize                     = 122910970                              {pd product} {ergonomic}
    uintx ReservedCodeCacheSize                    = 251658240                              {pd product} {ergonomic}
     bool SegmentedCodeCache                       = true                                      {product} {ergonomic}
     bool UseCompressedClassPointers               = true                                 {lp64_product} {ergonomic}
     bool UseCompressedOops                        = true                                 {lp64_product} {ergonomic}
     bool UseG1GC                                  = true                                      {product} {ergonomic}
     bool UseLargePagesIndividualAllocation        = false                                  {pd product} {ergonomic}

Logging:
Log output configuration:
 #0: stdout all=warning uptime,level,tags
 #1: stderr all=off uptime,level,tags

Environment Variables:
JAVA_HOME=C:\Program Files\Java\java-11-openjdk-11.0.12-1\bin
PATH=C:\Users\bitcamp\.conda\envs\venv;C:\Users\bitcamp\.conda\envs\venv\Library\mingw-w64\bin;C:\Users\bitcamp\.conda\envs\venv\Library\usr\bin;C:\Users\bitcamp\.conda\envs\venv\Library\bin;C:\Users\bitcamp\.conda\envs\venv\Scripts;C:\Users\bitcamp\.conda\envs\venv\bin;C:\ProgramData\Anaconda3\condabin;C:\Program Files\Java\java-11-openjdk-11.0.12-1\bin;C:\ProgramData\Anaconda3;C:\ProgramData\Anaconda3\Scripts;C:\ProgramData\Anaconda3\Library\bin;C:\ProgramData\Anaconda3\Library\mingw-w64\bin;C:\Program Files\Python38\Scripts;C:\Program Files\Python38;C:\Program Files (x86)\Common Files\Oracle\Java\javapath;C:\WINDOWS\system32;C:\WINDOWS;C:\WINDOWS\System32\Wbem;C:\WINDOWS\System32\WindowsPowerShell\v1.0;C:\WINDOWS\System32\OpenSSH;C:\Program Files\Git\cmd;C:\Program Files\MongoDB\Server\5.0\bin;C:\Program Files\nodejs;C:\Program Files\nodejs;.;C:\Program Files\Docker\Docker\resources\bin;C:\ProgramData\DockerDesktop\version-bin;C:\Users\bitcamp\AppData\Local\Microsoft\WindowsApps;.;C:\Users\bitcamp\AppData\Local\Programs\Microsoft VS Code\bin;C:\Program Files\JetBrains\IntelliJ IDEA Community Edition 2021.1.3\bin;.;C:\Program Files\JetBrains\PyCharm Edu 2021.1.2\bin;.;C:\Program Files\JetBrains\PyCharm Community Edition 2021.1.3\bin;.;C:\Program Files\JetBrains\IntelliJ IDEA 2021.1.3\bin;.;C:\Program Files\JetBrains\PyCharm 2021.1.3\bin;.;C:\Users\bitcamp\AppData\Roaming\npm
USERNAME=bitcamp
OS=Windows_NT
PROCESSOR_IDENTIFIER=Intel64 Family 6 Model 158 Stepping 13, GenuineIntel



---------------  S Y S T E M  ---------------

OS: Windows 10 , 64 bit Build 19041 (10.0.19041.1202)
OS uptime: 3 days 16:29 hours
Hyper-V role detected

CPU:total 8 (initial active 8) (8 cores per cpu, 1 threads per core) family 6 model 158 stepping 13 microcode 0xca, cmov, cx8, fxsr, mmx, sse, sse2, sse3, ssse3, sse4.1, sse4.2, popcnt, avx, avx2, aes, clmul, erms, 3dnowpref, lzcnt, tsc, tscinvbit, bmi1, bmi2, adx, fma

Memory: 4k page, system-wide physical 16222M (4602M free)
TotalPageFile size 20830M (AvailPageFile size 5005M)
current process WorkingSet (physical memory assigned to process): 283M, peak: 283M
current process commit charge ("private bytes"): 1325M, peak: 1564M

vm_info: OpenJDK 64-Bit Server VM (11.0.12+7-LTS) for windows-amd64 JRE (11.0.12+7-LTS), built on Jul 24 2021 13:53:49 by "" with unknown MS VC++:1916

END.
